Script handler ready. Waiting for a while to ensure all other mods are done messing with NEI.
Starting NEI Filter scripting. This might take a moment to load all the modules...
Engine: JAVASCRIPT
Setting up Java Library...
Setting up FML Library...
Setting up NEI Library...
Setting up CreativeTab library...
Found creative tab: redstone
Found creative tab: IC2
Found creative tab: aroma1997core:creativetab
Found creative tab: tools
Found creative tab: tabBiomesOPlenty
Found creative tab: buildcraft.main
Found creative tab: buildcraft.boards
Found creative tab: buildcraft.pipes
Found creative tab: buildcraft.facades
Found creative tab: buildcraft.gates
Found creative tab: CarpentersBlocks
Found creative tab: EnderIO
Found creative tab: extraUtil
Found creative tab: extraUtil_FMP
Found creative tab: forestry
Found creative tab: apiculture
Found creative tab: arboriculture
Found creative tab: lepidopterology
Found creative tab: gardenCore
Found creative tab: gardenTrees
Found creative tab: Hardcore Questing Mode
Found creative tab: decorations
Found creative tab: misc
Found creative tab: loreexp
Found creative tab: Power Converters
Found creative tab: progression
Found creative tab: rio
Found creative tab: thaumcraft
Found creative tab: tubes
Found creative tab: appliedenergistics2
Found creative tab: appliedenergistics2.facades
Found creative tab: buildingBlocks
Found creative tab: tabWoodChiselBlocks
Found creative tab: tabModdedChiselBlocks
Found creative tab: tabStoneChiselBlocks
Found creative tab: tabOtherChiselBlocks
Found creative tab: tabChisel
Found creative tab: tabMetalChiselBlocks
Found creative tab: Extra_Cells
Found creative tab: tabHarvestCraft2
Found creative tab: tabHarvestCraft3
Found creative tab: tabHarvestCraft
Found creative tab: transportation
Found creative tab: food
Found creative tab: combat
Found creative tab: brewing
Found creative tab: materials
Found creative tab: subsistence.blocks
Found creative tab: subsistence.items
Found creative tab: subsistence.tools
Setting up ForgeMicroblock Library...
Setting up ExtraUtilities Library...
Setting up BuildCraft Library...
Setting up Applied Energistics 2 Library...
Loading table of contents for module: custom_nei_filters, 1.0, Author: denoflionsx
Bootstrap setting found. Loading: Bootstrap.js
Loading: vanilla.js
hide called. Params: minecraft, portal
Regex match found! minecraft:portal matches minecraft:portal.
Found ItemStack minecraft:portal. 64xtile.portal@0
hide called. Params: minecraft, end_portal
Regex match found! minecraft:end_portal matches minecraft:end_portal.
Found ItemStack minecraft:end_portal. 64xtile.null@0
hide called. Params: minecraft, fire
Regex match found! minecraft:fire matches minecraft:fire.
Found ItemStack minecraft:fire. 64xtile.fire@0
hide called. Params: minecraft, water
Regex match found! minecraft:water matches minecraft:water.
Found ItemStack minecraft:water. 64xtile.water@0
hide called. Params: minecraft, lava
Regex match found! minecraft:lava matches minecraft:lava.
Found ItemStack minecraft:lava. 64xtile.lava@0
hide called. Params: minecraft, mob_spawner
Regex match found! minecraft:mob_spawner matches minecraft:mob_spawner.
Found ItemStack minecraft:mob_spawner. 64xtile.mobSpawner@0
override called. Params: minecraft, potion, 0
Regex match found! minecraft:potion matches minecraft:potion.
Found ItemStack minecraft:potion. 1xitem.potion@0
override called. Params: minecraft, spawn_egg, 0
Regex match found! minecraft:spawn_egg matches minecraft:spawn_egg.
Found ItemStack minecraft:spawn_egg. 64xitem.monsterPlacer@0
Loading: ThermalExpansion.js
Loading: Mekanism.js
Loading: ForgeMicroblock.js
getRandomMaterial called. Returned: chisel:acacia_planks_14
obliterate_microblocks called (version in info.inpureprojects.core.NEI.gtfoMicroblocks.ScriptObjects.ForgeMicroblockObject). Params: 1,2,4,257,258,260,513,514,516,769,770,772, chisel:acacia_planks_14
Loading: ExtraUtilities.js
override called. Params: ExtraUtilities, drum, 0,1
Regex match found! ExtraUtilities:drum matches ExtraUtilities:drum.
Found ItemStack ExtraUtilities:drum. 64xtile.extrautils:drum@0
override called. Params: ExtraUtilities, colorStoneBrick, 0,1
Regex match found! ExtraUtilities:colorStoneBrick matches ExtraUtilities:colorStoneBrick.
Found ItemStack ExtraUtilities:colorStoneBrick. 64xtile.extrautils:colorStoneBrick@0
override called. Params: ExtraUtilities, colorWoodPlanks, 0,1
Regex match found! ExtraUtilities:colorWoodPlanks matches ExtraUtilities:colorWoodPlanks.
Found ItemStack ExtraUtilities:colorWoodPlanks. 64xtile.extrautils:colorWoodPlanks@0
override called. Params: ExtraUtilities, color_blockCoal, 0,1
Regex match found! ExtraUtilities:color_blockCoal matches ExtraUtilities:color_blockCoal.
Found ItemStack ExtraUtilities:color_blockCoal. 64xtile.extrautils:color_blockCoal@0
override called. Params: ExtraUtilities, color_blockLapis, 0,1
Regex match found! ExtraUtilities:color_blockLapis matches ExtraUtilities:color_blockLapis.
Found ItemStack ExtraUtilities:color_blockLapis. 64xtile.extrautils:color_blockLapis@0
override called. Params: ExtraUtilities, color_blockRedstone, 0,1
Regex match found! ExtraUtilities:color_blockRedstone matches ExtraUtilities:color_blockRedstone.
Found ItemStack ExtraUtilities:color_blockRedstone. 64xtile.extrautils:color_blockRedstone@0
override called. Params: ExtraUtilities, color_brick, 0,1
Regex match found! ExtraUtilities:color_brick matches ExtraUtilities:color_brick.
Found ItemStack ExtraUtilities:color_brick. 64xtile.extrautils:color_brick@0
override called. Params: ExtraUtilities, color_hellsand, 0,1
Regex match found! ExtraUtilities:color_hellsand matches ExtraUtilities:color_hellsand.
Found ItemStack ExtraUtilities:color_hellsand. 64xtile.extrautils:color_hellsand@0
override called. Params: ExtraUtilities, color_lightgem, 0,1
Regex match found! ExtraUtilities:color_lightgem matches ExtraUtilities:color_lightgem.
Found ItemStack ExtraUtilities:color_lightgem. 64xtile.extrautils:color_lightgem@0
override called. Params: ExtraUtilities, color_obsidian, 0,1
Regex match found! ExtraUtilities:color_obsidian matches ExtraUtilities:color_obsidian.
Found ItemStack ExtraUtilities:color_obsidian. 64xtile.extrautils:color_obsidian@0
override called. Params: ExtraUtilities, color_quartzBlock, 0,1
Regex match found! ExtraUtilities:color_quartzBlock matches ExtraUtilities:color_quartzBlock.
Found ItemStack ExtraUtilities:color_quartzBlock. 64xtile.extrautils:color_quartzBlock@0
override called. Params: ExtraUtilities, color_redstoneLight, 0,1
Regex match found! ExtraUtilities:color_redstoneLight matches ExtraUtilities:color_redstoneLight.
Found ItemStack ExtraUtilities:color_redstoneLight. 64xtile.extrautils:color_redstoneLight@0
override called. Params: ExtraUtilities, color_stone, 0,1
Regex match found! ExtraUtilities:color_stone matches ExtraUtilities:color_stone.
Found ItemStack ExtraUtilities:color_stone. 64xtile.extrautils:color_stone@0
override called. Params: ExtraUtilities, color_stonebrick, 0,1
Regex match found! ExtraUtilities:color_stonebrick matches ExtraUtilities:color_stonebrick.
Found ItemStack ExtraUtilities:color_stonebrick. 64xtile.extrautils:color_stonebrick@0
override called. Params: IC2, itemCropSeed, 0,1
Regex match found! IC2:itemCropSeed matches IC2:itemCropSeed.
Found ItemStack IC2:itemCropSeed. 1xic2.itemCropSeed@0
getRandomMaterial called. Returned: chisel:acacia_planks_2
obliterate_microblocks called (version in info.inpureprojects.core.NEI.gtfoMicroblocks.ScriptObjects.ExtraUtilitiesObject). Params: 1,2,3, chisel:acacia_planks_2
Loading: BuildCraft.js
getFacadesSize called. Returned: 2114
obliterate_microblocks called (version in info.inpureprojects.core.NEI.gtfoMicroblocks.ScriptObjects.BCObject). Params: 186
Loading: Bibliocraft.js
Loading: AppliedEnergistics2.js
getFacadeItem called. Returned: appliedenergistics2:item.ItemFacade
getSubTypes called.
getNumberOfTypes called. Returned: 1607
override called. Params: appliedenergistics2, item.ItemFacade, 167
Regex match found! appliedenergistics2:item.ItemFacade matches appliedenergistics2:item.ItemFacade.
Found ItemStack appliedenergistics2:item.ItemFacade. 64xitem.appliedenergistics2.ItemFacade@0
Loading: Tcon.js
Loading: MFR.js
